1.过滤
err_sid_df =pd.read_csv('../data/err_data_zero.csv')
# 过滤 1593 全天是0的数据
data=data[~data['sid'].isin(err_sid_df['sid'])]

'learning_rate': 0.01,
'num_leaves': 31,
'lambda_l1': 0,
'lambda_l2': 0.01,

Training until validation scores don't improve for 500 rounds.
raining until validation scores don't improve for 500 rounds.
[50]	valid_0's multi_logloss: 1.71964	valid_0's weighted-f1-score: 0.662368
[100]	valid_0's multi_logloss: 1.41101	valid_0's weighted-f1-score: 0.663614
[150]	valid_0's multi_logloss: 1.24222	valid_0's weighted-f1-score: 0.664516
[200]	valid_0's multi_logloss: 1.14055	valid_0's weighted-f1-score: 0.664964
[250]	valid_0's multi_logloss: 1.07619	valid_0's weighted-f1-score: 0.66558
[300]	valid_0's multi_logloss: 1.0337	valid_0's weighted-f1-score: 0.665945
[350]	valid_0's multi_logloss: 1.00476	valid_0's weighted-f1-score: 0.666386
[400]	valid_0's multi_logloss: 0.984392	valid_0's weighted-f1-score: 0.6669
[450]	valid_0's multi_logloss: 0.969676	valid_0's weighted-f1-score: 0.667202
[500]	valid_0's multi_logloss: 0.958846	valid_0's weighted-f1-score: 0.667314
[550]	valid_0's multi_logloss: 0.950772	valid_0's weighted-f1-score: 0.667809
[600]	valid_0's multi_logloss: 0.944663	valid_0's weighted-f1-score: 0.667909
[650]	valid_0's multi_logloss: 0.940026	valid_0's weighted-f1-score: 0.668075
[700]	valid_0's multi_logloss: 0.93642	valid_0's weighted-f1-score: 0.668252
[750]	valid_0's multi_logloss: 0.933638	valid_0's weighted-f1-score: 0.668477
[800]	valid_0's multi_logloss: 0.931437	valid_0's weighted-f1-score: 0.668497
[850]	valid_0's multi_logloss: 0.929724	valid_0's weighted-f1-score: 0.668484
[900]	valid_0's multi_logloss: 0.928328	valid_0's weighted-f1-score: 0.668564
[950]	valid_0's multi_logloss: 0.927205	valid_0's weighted-f1-score: 0.668479
[1000]	valid_0's multi_logloss: 0.926292	valid_0's weighted-f1-score: 0.668519
[1050]	valid_0's multi_logloss: 0.925528	valid_0's weighted-f1-score: 0.668662
[1100]	valid_0's multi_logloss: 0.924879	valid_0's weighted-f1-score: 0.668877
[1150]	valid_0's multi_logloss: 0.924352	valid_0's weighted-f1-score: 0.668995
[1200]	valid_0's multi_logloss: 0.923898	valid_0's weighted-f1-score: 0.669107
[1250]	valid_0's multi_logloss: 0.923496	valid_0's weighted-f1-score: 0.669228
[1300]	valid_0's multi_logloss: 0.92318	valid_0's weighted-f1-score: 0.669065
[1350]	valid_0's multi_logloss: 0.922905	valid_0's weighted-f1-score: 0.669121
[1400]	valid_0's multi_logloss: 0.922676	valid_0's weighted-f1-score: 0.669097
[1450]	valid_0's multi_logloss: 0.92238	valid_0's weighted-f1-score: 0.669025
[1500]	valid_0's multi_logloss: 0.922205	valid_0's weighted-f1-score: 0.669096
[1550]	valid_0's multi_logloss: 0.92203	valid_0's weighted-f1-score: 0.669097
[1600]	valid_0's multi_logloss: 0.921908	valid_0's weighted-f1-score: 0.66906
[1650]	valid_0's multi_logloss: 0.921758	valid_0's weighted-f1-score: 0.669129
[1700]	valid_0's multi_logloss: 0.921602	valid_0's weighted-f1-score: 0.66925
Early stopping, best iteration is:
[1231]	valid_0's multi_logloss: 0.923649	valid_0's weighted-f1-score: 0.66929

##################
2.不过滤
Training until validation scores don't improve for 500 rounds.
[50]	valid_0's multi_logloss: 1.71984	valid_0's weighted-f1-score: 0.663511
[100]	valid_0's multi_logloss: 1.41113	valid_0's weighted-f1-score: 0.664716
[150]	valid_0's multi_logloss: 1.24208	valid_0's weighted-f1-score: 0.665359
[200]	valid_0's multi_logloss: 1.14024	valid_0's weighted-f1-score: 0.666299
[250]	valid_0's multi_logloss: 1.07572	valid_0's weighted-f1-score: 0.666966
[300]	valid_0's multi_logloss: 1.03307	valid_0's weighted-f1-score: 0.667371
[350]	valid_0's multi_logloss: 1.00401	valid_0's weighted-f1-score: 0.667711
[400]	valid_0's multi_logloss: 0.983526	valid_0's weighted-f1-score: 0.668196
[450]	valid_0's multi_logloss: 0.968737	valid_0's weighted-f1-score: 0.668421
[500]	valid_0's multi_logloss: 0.957906	valid_0's weighted-f1-score: 0.668761
[550]	valid_0's multi_logloss: 0.949807	valid_0's weighted-f1-score: 0.668852
[600]	valid_0's multi_logloss: 0.943644	valid_0's weighted-f1-score: 0.669025
[650]	valid_0's multi_logloss: 0.938941	valid_0's weighted-f1-score: 0.668994
[700]	valid_0's multi_logloss: 0.935324	valid_0's weighted-f1-score: 0.66926
[750]	valid_0's multi_logloss: 0.932471	valid_0's weighted-f1-score: 0.669526
[800]	valid_0's multi_logloss: 0.930293	valid_0's weighted-f1-score: 0.669688

3. 添加0权重
train_df.loc[train_df['click_mode'].isin([0,4, 6,11]), 'weight'] = 2.2
train_df.loc[train_df['click_mode'].isin([3]), 'weight'] = 2

50]	valid_0's multi_logloss: 1.74548	valid_0's weighted-f1-score: 0.670623
[100]	valid_0's multi_logloss: 1.43682	valid_0's weighted-f1-score: 0.671246
[150]	valid_0's multi_logloss: 1.26472	valid_0's weighted-f1-score: 0.671672
[200]	valid_0's multi_logloss: 1.1593	valid_0's weighted-f1-score: 0.671889
[250]	valid_0's multi_logloss: 1.09142	valid_0's weighted-f1-score: 0.672241
[300]	valid_0's multi_logloss: 1.04617	valid_0's weighted-f1-score: 0.67294
[350]	valid_0's multi_logloss: 1.01521	valid_0's weighted-f1-score: 0.673246
[400]	valid_0's multi_logloss: 0.993462	valid_0's weighted-f1-score: 0.673788
[450]	valid_0's multi_logloss: 0.977983	valid_0's weighted-f1-score: 0.674003
[500]	valid_0's multi_logloss: 0.966549	valid_0's weighted-f1-score: 0.674307
[550]	valid_0's multi_logloss: 0.958222	valid_0's weighted-f1-score: 0.674516
[600]	valid_0's multi_logloss: 0.951871	valid_0's weighted-f1-score: 0.674416
[650]	valid_0's multi_logloss: 0.947072	valid_0's weighted-f1-score: 0.674459
[700]	valid_0's multi_logloss: 0.943356	valid_0's weighted-f1-score: 0.674668
[750]	valid_0's multi_logloss: 0.940456	valid_0's weighted-f1-score: 0.674662
[800]	valid_0's multi_logloss: 0.938194	valid_0's weighted-f1-score: 0.674947
[850]	valid_0's multi_logloss: 0.936351	valid_0's weighted-f1-score: 0.675086
[900]	valid_0's multi_logloss: 0.93492	valid_0's weighted-f1-score: 0.675109
[950]	valid_0's multi_logloss: 0.933793	valid_0's weighted-f1-score: 0.675241
[1000]	valid_0's multi_logloss: 0.93283	valid_0's weighted-f1-score: 0.675289
[1050]	valid_0's multi_logloss: 0.932043	valid_0's weighted-f1-score: 0.675412
[1100]	valid_0's multi_logloss: 0.931343	valid_0's weighted-f1-score: 0.675595
[1150]	valid_0's multi_logloss: 0.930801	valid_0's weighted-f1-score: 0.675622
[1200]	valid_0's multi_logloss: 0.930345	valid_0's weighted-f1-score: 0.675693
[1250]	valid_0's multi_logloss: 0.929918	valid_0's weighted-f1-score: 0.675569
[1300]	valid_0's multi_logloss: 0.929562	valid_0's weighted-f1-score: 0.675711
[1350]	valid_0's multi_logloss: 0.9292	valid_0's weighted-f1-score: 0.675791
[1400]	valid_0's multi_logloss: 0.928928	valid_0's weighted-f1-score: 0.675711
[1450]	valid_0's multi_logloss: 0.928692	valid_0's weighted-f1-score: 0.675689
[1500]	valid_0's multi_logloss: 0.928427	valid_0's weighted-f1-score: 0.675734
[1550]	valid_0's multi_logloss: 0.928184	valid_0's weighted-f1-score: 0.675628
[1600]	valid_0's multi_logloss: 0.927984	valid_0's weighted-f1-score: 0.675561
[1650]	valid_0's multi_logloss: 0.927745	valid_0's weighted-f1-score: 0.675799
[1700]	valid_0's multi_logloss: 0.927509	valid_0's weighted-f1-score: 0.675925
[1750]	valid_0's multi_logloss: 0.927345	valid_0's weighted-f1-score: 0.675849
[1800]	valid_0's multi_logloss: 0.9272	valid_0's weighted-f1-score: 0.675967
[1850]	valid_0's multi_logloss: 0.927045	valid_0's weighted-f1-score: 0.676048
[1900]	valid_0's multi_logloss: 0.926894	valid_0's weighted-f1-score: 0.675917
[1950]	valid_0's multi_logloss: 0.92673	valid_0's weighted-f1-score: 0.675975
[2000]	valid_0's multi_logloss: 0.926543	valid_0's weighted-f1-score: 0.675926
[2050]	valid_0's multi_logloss: 0.926346	valid_0's weighted-f1-score: 0.675962
[2100]	valid_0's multi_logloss: 0.926192	valid_0's weighted-f1-score: 0.6758
[2150]	valid_0's multi_logloss: 0.926009	valid_0's weighted-f1-score: 0.676056
[2200]	valid_0's multi_logloss: 0.925874	valid_0's weighted-f1-score: 0.676132
[2250]	valid_0's multi_logloss: 0.925751	valid_0's weighted-f1-score: 0.67611
[2300]	valid_0's multi_logloss: 0.925582	valid_0's weighted-f1-score: 0.676191
[2350]	valid_0's multi_logloss: 0.925415	valid_0's weighted-f1-score: 0.676155
[2400]	valid_0's multi_logloss: 0.925321	valid_0's weighted-f1-score: 0.676209
[2450]	valid_0's multi_logloss: 0.925203	valid_0's weighted-f1-score: 0.676219
[2500]	valid_0's multi_logloss: 0.92507	valid_0's weighted-f1-score: 0.67626
[2550]	valid_0's multi_logloss: 0.924986	valid_0's weighted-f1-score: 0.676276
[2600]	valid_0's multi_logloss: 0.924857	valid_0's weighted-f1-score: 0.676445
[2650]	valid_0's multi_logloss: 0.924731	valid_0's weighted-f1-score: 0.676465
[2700]	valid_0's multi_logloss: 0.92466	valid_0's weighted-f1-score: 0.676539
[2750]	valid_0's multi_logloss: 0.924531	valid_0's weighted-f1-score: 0.676499
[2800]	valid_0's multi_logloss: 0.924449	valid_0's weighted-f1-score: 0.676465
[2850]	valid_0's multi_logloss: 0.924365	valid_0's weighted-f1-score: 0.6764
[2900]	valid_0's multi_logloss: 0.924229	valid_0's weighted-f1-score: 0.676415
[2950]	valid_0's multi_logloss: 0.924117	valid_0's weighted-f1-score: 0.676379
[3000]	valid_0's multi_logloss: 0.924006	valid_0's weighted-f1-score: 0.676313
[3050]	valid_0's multi_logloss: 0.923893	valid_0's weighted-f1-score: 0.676264
[3100]	valid_0's multi_logloss: 0.923746	valid_0's weighted-f1-score: 0.676245
[3150]	valid_0's multi_logloss: 0.923651	valid_0's weighted-f1-score: 0.676061
[3200]	valid_0's multi_logloss: 0.923525	valid_0's weighted-f1-score: 0.676142
[3250]	valid_0's multi_logloss: 0.923436	valid_0's weighted-f1-score: 0.676365
Early stopping, best iteration is:
[2775]	valid_0's multi_logloss: 0.924512	valid_0's weighted-f1-score: 0.676613
#######################################1
Training until validation scores don't improve for 500 rounds.
[50]	valid_0's multi_logloss: 1.74627	valid_0's weighted-f1-score: 0.668154
[100]	valid_0's multi_logloss: 1.43871	valid_0's weighted-f1-score: 0.669038
[150]	valid_0's multi_logloss: 1.26724	valid_0's weighted-f1-score: 0.66929
[200]	valid_0's multi_logloss: 1.16245	valid_0's weighted-f1-score: 0.669708
[250]	valid_0's multi_logloss: 1.09526	valid_0's weighted-f1-score: 0.669945
[300]	valid_0's multi_logloss: 1.05045	valid_0's weighted-f1-score: 0.670332
[350]	valid_0's multi_logloss: 1.01971	valid_0's weighted-f1-score: 0.670789
[400]	valid_0's multi_logloss: 0.998244	valid_0's weighted-f1-score: 0.671283
[450]	valid_0's multi_logloss: 0.982865	valid_0's weighted-f1-score: 0.671567
[500]	valid_0's multi_logloss: 0.971599	valid_0's weighted-f1-score: 0.671924
[550]	valid_0's multi_logloss: 0.96325	valid_0's weighted-f1-score: 0.672078
[600]	valid_0's multi_logloss: 0.956977	valid_0's weighted-f1-score: 0.672301
[650]	valid_0's multi_logloss: 0.952147	valid_0's weighted-f1-score: 0.672599
[700]	valid_0's multi_logloss: 0.948436	valid_0's weighted-f1-score: 0.672889
[750]	valid_0's multi_logloss: 0.945581	valid_0's weighted-f1-score: 0.67303
[800]	valid_0's multi_logloss: 0.943314	valid_0's weighted-f1-score: 0.673107
[850]	valid_0's multi_logloss: 0.941515	valid_0's weighted-f1-score: 0.673241
[900]	valid_0's multi_logloss: 0.940073	valid_0's weighted-f1-score: 0.673469
[950]	valid_0's multi_logloss: 0.938967	valid_0's weighted-f1-score: 0.673304
[1000]	valid_0's multi_logloss: 0.938068	valid_0's weighted-f1-score: 0.673369
[1050]	valid_0's multi_logloss: 0.937306	valid_0's weighted-f1-score: 0.673516
[1100]	valid_0's multi_logloss: 0.936658	valid_0's weighted-f1-score: 0.673536
[1150]	valid_0's multi_logloss: 0.936054	valid_0's weighted-f1-score: 0.673595
[1200]	valid_0's multi_logloss: 0.935585	valid_0's weighted-f1-score: 0.673773
[1250]	valid_0's multi_logloss: 0.935143	valid_0's weighted-f1-score: 0.673757
[1300]	valid_0's multi_logloss: 0.934837	valid_0's weighted-f1-score: 0.673657
[1350]	valid_0's multi_logloss: 0.934509	valid_0's weighted-f1-score: 0.673713
[1400]	valid_0's multi_logloss: 0.934251	valid_0's weighted-f1-score: 0.67371
[1450]	valid_0's multi_logloss: 0.933996	valid_0's weighted-f1-score: 0.673781
[1500]	valid_0's multi_logloss: 0.933798	valid_0's weighted-f1-score: 0.673832
[1550]	valid_0's multi_logloss: 0.933575	valid_0's weighted-f1-score: 0.673707
?
2.加上
pid 没有放cat  31层
[50]	valid_0's multi_logloss: 1.74149	valid_0's weighted-f1-score: 0.671453
[100]	valid_0's multi_logloss: 1.43142	valid_0's weighted-f1-score: 0.67189
[150]	valid_0's multi_logloss: 1.25764	valid_0's weighted-f1-score: 0.672349


3.加上pid 放入cat变量 31层 valid
[50]	valid_0's multi_logloss: 1.73211	valid_0's weighted-f1-score: 0.677796


4.加上pid submit

[50]	valid_0's multi_logloss: 1.74837	valid_0's weighted-f1-score: 0.668214
[100]	valid_0's multi_logloss: 1.44173	valid_0's weighted-f1-score: 0.668607
[150]	valid_0's multi_logloss: 1.27054	valid_0's weighted-f1-score: 0.66887
[200]	valid_0's multi_logloss: 1.1661	valid_0's weighted-f1-score: 0.669305
[250]	valid_0's multi_logloss: 1.09894	valid_0's weighted-f1-score: 0.669397
[300]	valid_0's multi_logloss: 1.05425	valid_0's weighted-f1-score: 0.669363
[350]	valid_0's multi_logloss: 1.02378	valid_0's weighted-f1-score: 0.669953
[400]	valid_0's multi_logloss: 1.00253	valid_0's weighted-f1-score: 0.670215
[450]	valid_0's multi_logloss: 0.987524	valid_0's weighted-f1-score: 0.670195
[500]	valid_0's multi_logloss: 0.976745	valid_0's weighted-f1-score: 0.670215
[550]	valid_0's multi_logloss: 0.968871	valid_0's weighted-f1-score: 0.670443
[600]	valid_0's multi_logloss: 0.963146	valid_0's weighted-f1-score: 0.67038
[650]	valid_0's multi_logloss: 0.958835	valid_0's weighted-f1-score: 0.670531
[700]	valid_0's multi_logloss: 0.955586	valid_0's weighted-f1-score: 0.670362
[750]	valid_0's multi_logloss: 0.953257	valid_0's weighted-f1-score: 0.670475
[800]	valid_0's multi_logloss: 0.951463	valid_0's weighted-f1-score: 0.670563
[850]	valid_0's multi_logloss: 0.950069	valid_0's weighted-f1-score: 0.670394
[900]	valid_0's multi_logloss: 0.94898	valid_0's weighted-f1-score: 0.670288
[950]	valid_0's multi_logloss: 0.948158	valid_0's weighted-f1-score: 0.670145
[1000]	valid_0's multi_logloss: 0.947534	valid_0's weighted-f1-score: 0.670109
[1050]	valid_0's multi_logloss: 0.947071	valid_0's weighted-f1-score: 0.669887
5.去掉pid submit featues文件替换回 submit

#######################
Training until validation scores don't improve for 500 rounds.
[50]	valid_0's multi_logloss: 1.74824	valid_0's weighted-f1-score: 0.667822
[100]	valid_0's multi_logloss: 1.44137	valid_0's weighted-f1-score: 0.668635
[150]	valid_0's multi_logloss: 1.27011	valid_0's weighted-f1-score: 0.669228
[200]	valid_0's multi_logloss: 1.16548	valid_0's weighted-f1-score: 0.669397
[250]	valid_0's multi_logloss: 1.09814	valid_0's weighted-f1-score: 0.669733
[300]	valid_0's multi_logloss: 1.05319	valid_0's weighted-f1-score: 0.670048
[350]	valid_0's multi_logloss: 1.02251	valid_0's weighted-f1-score: 0.670162
[400]	valid_0's multi_logloss: 1.00088	valid_0's weighted-f1-score: 0.670892
[450]	valid_0's multi_logloss: 0.985413	valid_0's weighted-f1-score: 0.671205
[500]	valid_0's multi_logloss: 0.9741	valid_0's weighted-f1-score: 0.671503
[550]	valid_0's multi_logloss: 0.965766	valid_0's weighted-f1-score: 0.671629
[600]	valid_0's multi_logloss: 0.959498	valid_0's weighted-f1-score: 0.671676
[650]	valid_0's multi_logloss: 0.954705	valid_0's weighted-f1-score: 0.671891

6. 去掉pid submit featues 使用date featues文件 +'month','dayofyear'